<?xml version="1.0" encoding="UTF-8"?>
<!-- Generated by org.testng.reporters.JUnitReportReporter -->
<testsuite hostname="DESKTOP-LHBBFIV" name="Runners._08_TestRunnerParallel_MasterReport" tests="2" failures="0" timestamp="2 Sep 2022 20:17:02 GMT" time="42.403" errors="0">
  <testcase name="runScenario" time="27.751" classname="Runners._08_TestRunnerParallel_MasterReport"/>
  <testcase name="runScenario" time="14.652" classname="Runners._08_TestRunnerParallel_MasterReport"/>
</testsuite> <!-- Runners._08_TestRunnerParallel_MasterReport -->
